This is pdfTeX, Version 3.1415926-2.5-1.40.14 (TeX Live 2013/Debian) (format=pdflatex 2014.10.8)  17 DEC 2015 09:41
entering extended mode
 restricted \write18 enabled.
 %&-line parsing enabled.
**LRPThesis.tex
(./LRPThesis.tex
LaTeX2e <2011/06/27>
Babel <3.9h> and hyphenation patterns for 2 languages loaded.
(/usr/share/texlive/texmf-dist/tex/latex/base/book.cls
Document Class: book 2007/10/19 v1.4h Standard LaTeX document class
(/usr/share/texlive/texmf-dist/tex/latex/base/bk12.clo
File: bk12.clo 2007/10/19 v1.4h Standard LaTeX file (size option)
)
\c@part=\count79
\c@chapter=\count80
\c@section=\count81
\c@subsection=\count82
\c@subsubsection=\count83
\c@paragraph=\count84
\c@subparagraph=\count85
\c@figure=\count86
\c@table=\count87
\abovecaptionskip=\skip41
\belowcaptionskip=\skip42
\bibindent=\dimen102
) (./customisations.sty
(/usr/share/texlive/texmf-dist/tex/latex/caption/caption.sty
Package: caption 2013/05/02 v3.3-89 Customizing captions (AR)

(/usr/share/texlive/texmf-dist/tex/latex/caption/caption3.sty
Package: caption3 2013/05/02 v1.6-88 caption3 kernel (AR)
Package caption3 Info: TeX engine: e-TeX on input line 57.

(/usr/share/texlive/texmf-dist/tex/latex/graphics/keyval.sty
Package: keyval 1999/03/16 v1.13 key=value parser (DPC)
\KV@toks@=\toks14
)
\captionmargin=\dimen103
\captionmargin@=\dimen104
\captionwidth=\dimen105
\caption@tempdima=\dimen106
\caption@indent=\dimen107
\caption@parindent=\dimen108
\caption@hangindent=\dimen109
)
\c@ContinuedFloat=\count88
)
(/usr/share/texlive/texmf-dist/tex/latex/subfig/subfig.sty
Package: subfig 2005/06/28 ver: 1.3 subfig package
\c@KVtest=\count89
\sf@farskip=\skip43
\sf@captopadj=\dimen110
\sf@capskip=\skip44
\sf@nearskip=\skip45
\c@subfigure=\count90
\c@subfigure@save=\count91
\c@lofdepth=\count92
\c@subtable=\count93
\c@subtable@save=\count94
\c@lotdepth=\count95
\sf@top=\skip46
\sf@bottom=\skip47
)
(/usr/share/texlive/texmf-dist/tex/latex/graphics/graphicx.sty
Package: graphicx 1999/02/16 v1.0f Enhanced LaTeX Graphics (DPC,SPQR)

(/usr/share/texlive/texmf-dist/tex/latex/graphics/graphics.sty
Package: graphics 2009/02/05 v1.0o Standard LaTeX Graphics (DPC,SPQR)

(/usr/share/texlive/texmf-dist/tex/latex/graphics/trig.sty
Package: trig 1999/03/16 v1.09 sin cos tan (DPC)
)
(/usr/share/texlive/texmf-dist/tex/latex/latexconfig/graphics.cfg
File: graphics.cfg 2010/04/23 v1.9 graphics configuration of TeX Live
)
Package graphics Info: Driver file: pdftex.def on input line 91.

(/usr/share/texlive/texmf-dist/tex/latex/pdftex-def/pdftex.def
File: pdftex.def 2011/05/27 v0.06d Graphics/color for pdfTeX

(/usr/share/texlive/texmf-dist/tex/generic/oberdiek/infwarerr.sty
Package: infwarerr 2010/04/08 v1.3 Providing info/warning/error messages (HO)
)
(/usr/share/texlive/texmf-dist/tex/generic/oberdiek/ltxcmds.sty
Package: ltxcmds 2011/11/09 v1.22 LaTeX kernel commands for general use (HO)
)
\Gread@gobject=\count96
))
\Gin@req@height=\dimen111
\Gin@req@width=\dimen112
)
(/usr/share/texlive/texmf-dist/tex/latex/doublestroke/dsfont.sty
Package: dsfont 1995/08/01 v0.1 Double stroke roman fonts
)
(/usr/share/texlive/texmf-dist/tex/latex/url/url.sty
\Urlmuskip=\muskip10
Package: url 2013/09/16  ver 3.4  Verb mode for urls, etc.
)
(/usr/share/texlive/texmf-dist/tex/latex/hyperref/hyperref.sty
Package: hyperref 2012/11/06 v6.83m Hypertext links for LaTeX

(/usr/share/texlive/texmf-dist/tex/generic/oberdiek/hobsub-hyperref.sty
Package: hobsub-hyperref 2012/05/28 v1.13 Bundle oberdiek, subset hyperref (HO)


(/usr/share/texlive/texmf-dist/tex/generic/oberdiek/hobsub-generic.sty
Package: hobsub-generic 2012/05/28 v1.13 Bundle oberdiek, subset generic (HO)
Package: hobsub 2012/05/28 v1.13 Construct package bundles (HO)
Package hobsub Info: Skipping package `infwarerr' (already loaded).
Package hobsub Info: Skipping package `ltxcmds' (already loaded).
Package: ifluatex 2010/03/01 v1.3 Provides the ifluatex switch (HO)
Package ifluatex Info: LuaTeX not detected.
Package: ifvtex 2010/03/01 v1.5 Detect VTeX and its facilities (HO)
Package ifvtex Info: VTeX not detected.
Package: intcalc 2007/09/27 v1.1 Expandable calculations with integers (HO)
Package: ifpdf 2011/01/30 v2.3 Provides the ifpdf switch (HO)
Package ifpdf Info: pdfTeX in PDF mode is detected.
Package: etexcmds 2011/02/16 v1.5 Avoid name clashes with e-TeX commands (HO)
Package etexcmds Info: Could not find \expanded.
(etexcmds)             That can mean that you are not using pdfTeX 1.50 or
(etexcmds)             that some package has redefined \expanded.
(etexcmds)             In the latter case, load this package earlier.
Package: kvsetkeys 2012/04/25 v1.16 Key value parser (HO)
Package: kvdefinekeys 2011/04/07 v1.3 Define keys (HO)
Package: pdftexcmds 2011/11/29 v0.20 Utility functions of pdfTeX for LuaTeX (HO
)
Package pdftexcmds Info: LuaTeX not detected.
Package pdftexcmds Info: \pdf@primitive is available.
Package pdftexcmds Info: \pdf@ifprimitive is available.
Package pdftexcmds Info: \pdfdraftmode found.
Package: pdfescape 2011/11/25 v1.13 Implements pdfTeX's escape features (HO)
Package: bigintcalc 2012/04/08 v1.3 Expandable calculations on big integers (HO
)
Package: bitset 2011/01/30 v1.1 Handle bit-vector datatype (HO)
Package: uniquecounter 2011/01/30 v1.2 Provide unlimited unique counter (HO)
)
Package hobsub Info: Skipping package `hobsub' (already loaded).
Package: letltxmacro 2010/09/02 v1.4 Let assignment for LaTeX macros (HO)
Package: hopatch 2012/05/28 v1.2 Wrapper for package hooks (HO)
Package: xcolor-patch 2011/01/30 xcolor patch
Package: atveryend 2011/06/30 v1.8 Hooks at the very end of document (HO)
Package atveryend Info: \enddocument detected (standard20110627).
Package: atbegshi 2011/10/05 v1.16 At begin shipout hook (HO)
Package: refcount 2011/10/16 v3.4 Data extraction from label references (HO)
Package: hycolor 2011/01/30 v1.7 Color options for hyperref/bookmark (HO)
)
(/usr/share/texlive/texmf-dist/tex/generic/ifxetex/ifxetex.sty
Package: ifxetex 2010/09/12 v0.6 Provides ifxetex conditional
)
(/usr/share/texlive/texmf-dist/tex/latex/oberdiek/auxhook.sty
Package: auxhook 2011/03/04 v1.3 Hooks for auxiliary files (HO)
)
(/usr/share/texlive/texmf-dist/tex/latex/oberdiek/kvoptions.sty
Package: kvoptions 2011/06/30 v3.11 Key value format for package options (HO)
)
\@linkdim=\dimen113
\Hy@linkcounter=\count97
\Hy@pagecounter=\count98

(/usr/share/texlive/texmf-dist/tex/latex/hyperref/pd1enc.def
File: pd1enc.def 2012/11/06 v6.83m Hyperref: PDFDocEncoding definition (HO)
)
\Hy@SavedSpaceFactor=\count99

(/usr/share/texlive/texmf-dist/tex/latex/latexconfig/hyperref.cfg
File: hyperref.cfg 2002/06/06 v1.2 hyperref configuration of TeXLive
)
Package hyperref Info: Hyper figures OFF on input line 4443.
Package hyperref Info: Link nesting OFF on input line 4448.
Package hyperref Info: Hyper index ON on input line 4451.
Package hyperref Info: Plain pages OFF on input line 4458.
Package hyperref Info: Backreferencing OFF on input line 4463.
Package hyperref Info: Implicit mode ON; LaTeX internals redefined.
Package hyperref Info: Bookmarks ON on input line 4688.
\c@Hy@tempcnt=\count100
LaTeX Info: Redefining \url on input line 5041.
\XeTeXLinkMargin=\dimen114
\Fld@menulength=\count101
\Field@Width=\dimen115
\Fld@charsize=\dimen116
Package hyperref Info: Hyper figures OFF on input line 6295.
Package hyperref Info: Link nesting OFF on input line 6300.
Package hyperref Info: Hyper index ON on input line 6303.
Package hyperref Info: backreferencing OFF on input line 6310.
Package hyperref Info: Link coloring OFF on input line 6315.
Package hyperref Info: Link coloring with OCG OFF on input line 6320.
Package hyperref Info: PDF/A mode OFF on input line 6325.
LaTeX Info: Redefining \ref on input line 6365.
LaTeX Info: Redefining \pageref on input line 6369.
\Hy@abspage=\count102
\c@Item=\count103
\c@Hfootnote=\count104
)

Package hyperref Message: Driver (autodetected): hpdftex.

(/usr/share/texlive/texmf-dist/tex/latex/hyperref/hpdftex.def
File: hpdftex.def 2012/11/06 v6.83m Hyperref driver for pdfTeX
\Fld@listcount=\count105
\c@bookmark@seq@number=\count106

(/usr/share/texlive/texmf-dist/tex/latex/oberdiek/rerunfilecheck.sty
Package: rerunfilecheck 2011/04/15 v1.7 Rerun checks for auxiliary files (HO)
Package uniquecounter Info: New unique counter `rerunfilecheck' on input line 2
82.
)
\Hy@SectionHShift=\skip48
)
(/usr/share/texlive/texmf-dist/tex/latex/oberdiek/grffile.sty
Package: grffile 2012/04/05 v1.16 Extended file name support for graphics (HO)
Package grffile Info: Option `multidot' is set to `true'.
Package grffile Info: Option `extendedchars' is set to `false'.
Package grffile Info: Option `space' is set to `true'.
Package grffile Info: \Gin@ii of package `graphicx' fixed on input line 486.
)
(/usr/share/texlive/texmf-dist/tex/latex/units/nicefrac.sty
Package: nicefrac 1998/08/04 v0.9b Nice fractions
\L@UnitsRaiseDisplaystyle=\skip49
\L@UnitsRaiseTextstyle=\skip50
\L@UnitsRaiseScriptstyle=\skip51

(/usr/share/texlive/texmf-dist/tex/latex/base/ifthen.sty
Package: ifthen 2001/05/26 v1.1c Standard LaTeX ifthen package (DPC)
))
(/usr/share/texlive/texmf-dist/tex/latex/natbib/natbib.sty
Package: natbib 2010/09/13 8.31b (PWD, AO)
\bibhang=\skip52
\bibsep=\skip53
LaTeX Info: Redefining \cite on input line 694.
\c@NAT@ctr=\count107
)
(/usr/share/texlive/texmf-dist/tex/latex/graphics/color.sty
Package: color 2005/11/14 v1.0j Standard LaTeX Color (DPC)

(/usr/share/texlive/texmf-dist/tex/latex/latexconfig/color.cfg
File: color.cfg 2007/01/18 v1.5 color configuration of teTeX/TeXLive
)
Package color Info: Driver file: pdftex.def on input line 130.
)
(/usr/share/texlive/texmf-dist/tex/latex/appendix/appendix.sty
Package: appendix 2009/09/02 v1.2b extra appendix facilities
\c@@pps=\count108
\c@@ppsavesec=\count109
\c@@ppsaveapp=\count110
)
(/usr/share/texlive/texmf-dist/tex/latex/titlesec/titlesec.sty
Package: titlesec 2011/12/15 v2.10.0 Sectioning titles
\ttl@box=\box26
\beforetitleunit=\skip54
\aftertitleunit=\skip55
\ttl@plus=\dimen117
\ttl@minus=\dimen118
\ttl@toksa=\toks15
\titlewidth=\dimen119
\titlewidthlast=\dimen120
\titlewidthfirst=\dimen121
)
(/usr/share/texlive/texmf-dist/tex/latex/titlesec/titletoc.sty
Package: titletoc 2011/12/15 v1.6 TOC entries
\ttl@leftsep=\dimen122
)
(/usr/share/texlive/texmf-dist/tex/latex/fancyhdr/fancyhdr.sty
\fancy@headwidth=\skip56
\f@ncyO@elh=\skip57
\f@ncyO@erh=\skip58
\f@ncyO@olh=\skip59
\f@ncyO@orh=\skip60
\f@ncyO@elf=\skip61
\f@ncyO@erf=\skip62
\f@ncyO@olf=\skip63
\f@ncyO@orf=\skip64
)
(/usr/share/texlive/texmf-dist/tex/latex/setspace/setspace.sty
Package: setspace 2011/12/19 v6.7a set line spacing
)
(/usr/share/texlive/texmf-dist/tex/latex/geometry/geometry.sty
Package: geometry 2010/09/12 v5.6 Page Geometry
\Gm@cnth=\count111
\Gm@cntv=\count112
\c@Gm@tempcnt=\count113
\Gm@bindingoffset=\dimen123
\Gm@wd@mp=\dimen124
\Gm@odd@mp=\dimen125
\Gm@even@mp=\dimen126
\Gm@layoutwidth=\dimen127
\Gm@layoutheight=\dimen128
\Gm@layouthoffset=\dimen129
\Gm@layoutvoffset=\dimen130
\Gm@dimlist=\toks16
)
(/usr/share/texlive/texmf-dist/tex/latex/listings/listings.sty
\lst@mode=\count114
\lst@gtempboxa=\box27
\lst@token=\toks17
\lst@length=\count115
\lst@currlwidth=\dimen131
\lst@column=\count116
\lst@pos=\count117
\lst@lostspace=\dimen132
\lst@width=\dimen133
\lst@newlines=\count118
\lst@lineno=\count119
\lst@maxwidth=\dimen134

(/usr/share/texlive/texmf-dist/tex/latex/listings/lstmisc.sty
File: lstmisc.sty 2013/08/26 1.5b (Carsten Heinz)
\c@lstnumber=\count120
\lst@skipnumbers=\count121
\lst@framebox=\box28
)
(/usr/share/texlive/texmf-dist/tex/latex/listings/listings.cfg
File: listings.cfg 2013/08/26 1.5b listings configuration
))
Package: listings 2013/08/26 1.5b (Carsten Heinz)

(/usr/share/texlive/texmf-dist/tex/latex/listings/lstlang1.sty
File: lstlang1.sty 2013/08/26 1.5b listings language file
)
(/usr/share/texlive/texmf-dist/tex/latex/listings/lstmisc.sty
File: lstmisc.sty 2013/08/26 1.5b (Carsten Heinz)
))
(/usr/share/texlive/texmf-dist/tex/latex/booktabs/booktabs.sty
Package: booktabs 2005/04/14 v1.61803 publication quality tables
\heavyrulewidth=\dimen135
\lightrulewidth=\dimen136
\cmidrulewidth=\dimen137
\belowrulesep=\dimen138
\belowbottomsep=\dimen139
\aboverulesep=\dimen140
\abovetopsep=\dimen141
\cmidrulesep=\dimen142
\cmidrulekern=\dimen143
\defaultaddspace=\dimen144
\@cmidla=\count122
\@cmidlb=\count123
\@aboverulesep=\dimen145
\@belowrulesep=\dimen146
\@thisruleclass=\count124
\@lastruleclass=\count125
\@thisrulewidth=\dimen147
)
(/usr/share/texlive/texmf-dist/tex/latex/amsmath/amsmath.sty
Package: amsmath 2013/01/14 v2.14 AMS math features
\@mathmargin=\skip65

For additional information on amsmath, use the `?' option.
(/usr/share/texlive/texmf-dist/tex/latex/amsmath/amstext.sty
Package: amstext 2000/06/29 v2.01

(/usr/share/texlive/texmf-dist/tex/latex/amsmath/amsgen.sty
File: amsgen.sty 1999/11/30 v2.0
\@emptytoks=\toks18
\ex@=\dimen148
))
(/usr/share/texlive/texmf-dist/tex/latex/amsmath/amsbsy.sty
Package: amsbsy 1999/11/29 v1.2d
\pmbraise@=\dimen149
)
(/usr/share/texlive/texmf-dist/tex/latex/amsmath/amsopn.sty
Package: amsopn 1999/12/14 v2.01 operator names
)
\inf@bad=\count126
LaTeX Info: Redefining \frac on input line 210.
\uproot@=\count127
\leftroot@=\count128
LaTeX Info: Redefining \overline on input line 306.
\classnum@=\count129
\DOTSCASE@=\count130
LaTeX Info: Redefining \ldots on input line 378.
LaTeX Info: Redefining \dots on input line 381.
LaTeX Info: Redefining \cdots on input line 466.
\Mathstrutbox@=\box29
\strutbox@=\box30
\big@size=\dimen150
LaTeX Font Info:    Redeclaring font encoding OML on input line 566.
LaTeX Font Info:    Redeclaring font encoding OMS on input line 567.
\macc@depth=\count131
\c@MaxMatrixCols=\count132
\dotsspace@=\muskip11
\c@parentequation=\count133
\dspbrk@lvl=\count134
\tag@help=\toks19
\row@=\count135
\column@=\count136
\maxfields@=\count137
\andhelp@=\toks20
\eqnshift@=\dimen151
\alignsep@=\dimen152
\tagshift@=\dimen153
\tagwidth@=\dimen154
\totwidth@=\dimen155
\lineht@=\dimen156
\@envbody=\toks21
\multlinegap=\skip66
\multlinetaggap=\skip67
\mathdisplay@stack=\toks22
LaTeX Info: Redefining \[ on input line 2665.
LaTeX Info: Redefining \] on input line 2666.
)
(/usr/share/texlive/texmf-dist/tex/latex/base/textcomp.sty
Package: textcomp 2005/09/27 v1.99g Standard LaTeX package
Package textcomp Info: Sub-encoding information:
(textcomp)               5 = only ISO-Adobe without \textcurrency
(textcomp)               4 = 5 + \texteuro
(textcomp)               3 = 4 + \textohm
(textcomp)               2 = 3 + \textestimated + \textcurrency
(textcomp)               1 = TS1 - \textcircled - \t
(textcomp)               0 = TS1 (full)
(textcomp)             Font families with sub-encoding setting implement
(textcomp)             only a restricted character set as indicated.
(textcomp)             Family '?' is the default used for unknown fonts.
(textcomp)             See the documentation for details.
Package textcomp Info: Setting ? sub-encoding to TS1/1 on input line 71.

(/usr/share/texlive/texmf-dist/tex/latex/base/ts1enc.def
File: ts1enc.def 2001/06/05 v3.0e (jk/car/fm) Standard LaTeX file
)
LaTeX Info: Redefining \oldstylenums on input line 266.
Package textcomp Info: Setting cmr sub-encoding to TS1/0 on input line 281.
Package textcomp Info: Setting cmss sub-encoding to TS1/0 on input line 282.
Package textcomp Info: Setting cmtt sub-encoding to TS1/0 on input line 283.
Package textcomp Info: Setting cmvtt sub-encoding to TS1/0 on input line 284.
Package textcomp Info: Setting cmbr sub-encoding to TS1/0 on input line 285.
Package textcomp Info: Setting cmtl sub-encoding to TS1/0 on input line 286.
Package textcomp Info: Setting ccr sub-encoding to TS1/0 on input line 287.
Package textcomp Info: Setting ptm sub-encoding to TS1/4 on input line 288.
Package textcomp Info: Setting pcr sub-encoding to TS1/4 on input line 289.
Package textcomp Info: Setting phv sub-encoding to TS1/4 on input line 290.
Package textcomp Info: Setting ppl sub-encoding to TS1/3 on input line 291.
Package textcomp Info: Setting pag sub-encoding to TS1/4 on input line 292.
Package textcomp Info: Setting pbk sub-encoding to TS1/4 on input line 293.
Package textcomp Info: Setting pnc sub-encoding to TS1/4 on input line 294.
Package textcomp Info: Setting pzc sub-encoding to TS1/4 on input line 295.
Package textcomp Info: Setting bch sub-encoding to TS1/4 on input line 296.
Package textcomp Info: Setting put sub-encoding to TS1/5 on input line 297.
Package textcomp Info: Setting uag sub-encoding to TS1/5 on input line 298.
Package textcomp Info: Setting ugq sub-encoding to TS1/5 on input line 299.
Package textcomp Info: Setting ul8 sub-encoding to TS1/4 on input line 300.
Package textcomp Info: Setting ul9 sub-encoding to TS1/4 on input line 301.
Package textcomp Info: Setting augie sub-encoding to TS1/5 on input line 302.
Package textcomp Info: Setting dayrom sub-encoding to TS1/3 on input line 303.
Package textcomp Info: Setting dayroms sub-encoding to TS1/3 on input line 304.

Package textcomp Info: Setting pxr sub-encoding to TS1/0 on input line 305.
Package textcomp Info: Setting pxss sub-encoding to TS1/0 on input line 306.
Package textcomp Info: Setting pxtt sub-encoding to TS1/0 on input line 307.
Package textcomp Info: Setting txr sub-encoding to TS1/0 on input line 308.
Package textcomp Info: Setting txss sub-encoding to TS1/0 on input line 309.
Package textcomp Info: Setting txtt sub-encoding to TS1/0 on input line 310.
Package textcomp Info: Setting lmr sub-encoding to TS1/0 on input line 311.
Package textcomp Info: Setting lmdh sub-encoding to TS1/0 on input line 312.
Package textcomp Info: Setting lmss sub-encoding to TS1/0 on input line 313.
Package textcomp Info: Setting lmssq sub-encoding to TS1/0 on input line 314.
Package textcomp Info: Setting lmvtt sub-encoding to TS1/0 on input line 315.
Package textcomp Info: Setting qhv sub-encoding to TS1/0 on input line 316.
Package textcomp Info: Setting qag sub-encoding to TS1/0 on input line 317.
Package textcomp Info: Setting qbk sub-encoding to TS1/0 on input line 318.
Package textcomp Info: Setting qcr sub-encoding to TS1/0 on input line 319.
Package textcomp Info: Setting qcs sub-encoding to TS1/0 on input line 320.
Package textcomp Info: Setting qpl sub-encoding to TS1/0 on input line 321.
Package textcomp Info: Setting qtm sub-encoding to TS1/0 on input line 322.
Package textcomp Info: Setting qzc sub-encoding to TS1/0 on input line 323.
Package textcomp Info: Setting qhvc sub-encoding to TS1/0 on input line 324.
Package textcomp Info: Setting futs sub-encoding to TS1/4 on input line 325.
Package textcomp Info: Setting futx sub-encoding to TS1/4 on input line 326.
Package textcomp Info: Setting futj sub-encoding to TS1/4 on input line 327.
Package textcomp Info: Setting hlh sub-encoding to TS1/3 on input line 328.
Package textcomp Info: Setting hls sub-encoding to TS1/3 on input line 329.
Package textcomp Info: Setting hlst sub-encoding to TS1/3 on input line 330.
Package textcomp Info: Setting hlct sub-encoding to TS1/5 on input line 331.
Package textcomp Info: Setting hlx sub-encoding to TS1/5 on input line 332.
Package textcomp Info: Setting hlce sub-encoding to TS1/5 on input line 333.
Package textcomp Info: Setting hlcn sub-encoding to TS1/5 on input line 334.
Package textcomp Info: Setting hlcw sub-encoding to TS1/5 on input line 335.
Package textcomp Info: Setting hlcf sub-encoding to TS1/5 on input line 336.
Package textcomp Info: Setting pplx sub-encoding to TS1/3 on input line 337.
Package textcomp Info: Setting pplj sub-encoding to TS1/3 on input line 338.
Package textcomp Info: Setting ptmx sub-encoding to TS1/4 on input line 339.
Package textcomp Info: Setting ptmj sub-encoding to TS1/4 on input line 340.
) (./LRPThesis.aux
(./intro/intro.aux) (./JAnal/janalsum.aux) (./ngc2100/ngc2100.aux)
(./ngc6822/ngc6822.aux) (./ngc55/ngc55.aux) (./mzr/mzr.aux)
(./appendix1/appendix1.aux))
\openout1 = `LRPThesis.aux'.

LaTeX Font Info:    Checking defaults for OML/cmm/m/it on input line 27.
LaTeX Font Info:    ... okay on input line 27.
LaTeX Font Info:    Checking defaults for T1/cmr/m/n on input line 27.
LaTeX Font Info:    ... okay on input line 27.
LaTeX Font Info:    Checking defaults for OT1/cmr/m/n on input line 27.
LaTeX Font Info:    ... okay on input line 27.
LaTeX Font Info:    Checking defaults for OMS/cmsy/m/n on input line 27.
LaTeX Font Info:    ... okay on input line 27.
LaTeX Font Info:    Checking defaults for OMX/cmex/m/n on input line 27.
LaTeX Font Info:    ... okay on input line 27.
LaTeX Font Info:    Checking defaults for U/cmr/m/n on input line 27.
LaTeX Font Info:    ... okay on input line 27.
LaTeX Font Info:    Checking defaults for PD1/pdf/m/n on input line 27.
LaTeX Font Info:    ... okay on input line 27.
LaTeX Font Info:    Checking defaults for TS1/cmr/m/n on input line 27.
LaTeX Font Info:    Try loading font information for TS1+cmr on input line 27.

(/usr/share/texlive/texmf-dist/tex/latex/base/ts1cmr.fd
File: ts1cmr.fd 1999/05/25 v2.5h Standard LaTeX font definitions
)
LaTeX Font Info:    ... okay on input line 27.
Package caption Info: Begin \AtBeginDocument code.
Package caption Info: subfig package v1.3 is loaded.
Package caption Info: hyperref package is loaded.
Package caption Info: listings package is loaded.
Package caption Info: End \AtBeginDocument code.

(/usr/share/texlive/texmf-dist/tex/context/base/supp-pdf.mkii
[Loading MPS to PDF converter (version 2006.09.02).]
\scratchcounter=\count138
\scratchdimen=\dimen157
\scratchbox=\box31
\nofMPsegments=\count139
\nofMParguments=\count140
\everyMPshowfont=\toks23
\MPscratchCnt=\count141
\MPscratchDim=\dimen158
\MPnumerator=\count142
\makeMPintoPDFobject=\count143
\everyMPtoPDFconversion=\toks24
) (/usr/share/texlive/texmf-dist/tex/latex/oberdiek/epstopdf-base.sty
Package: epstopdf-base 2010/02/09 v2.5 Base part for package epstopdf

(/usr/share/texlive/texmf-dist/tex/latex/oberdiek/grfext.sty
Package: grfext 2010/08/19 v1.1 Manage graphics extensions (HO)
)
Package grfext Info: Graphics extension search list:
(grfext)             [.png,.pdf,.jpg,.mps,.jpeg,.jbig2,.jb2,.PNG,.PDF,.JPG,.JPE
G,.JBIG2,.JB2,.eps]
(grfext)             \AppendGraphicsExtensions on input line 452.

(/usr/share/texlive/texmf-dist/tex/latex/latexconfig/epstopdf-sys.cfg
File: epstopdf-sys.cfg 2010/07/13 v1.3 Configuration of (r)epstopdf for TeX Liv
e
))
\AtBeginShipoutBox=\box32
Package hyperref Info: Link coloring OFF on input line 27.

(/usr/share/texlive/texmf-dist/tex/latex/hyperref/nameref.sty
Package: nameref 2012/10/27 v2.43 Cross-referencing by name of section

(/usr/share/texlive/texmf-dist/tex/generic/oberdiek/gettitlestring.sty
Package: gettitlestring 2010/12/03 v1.4 Cleanup title references (HO)
)
\c@section@level=\count144
)
LaTeX Info: Redefining \ref on input line 27.
LaTeX Info: Redefining \pageref on input line 27.
LaTeX Info: Redefining \nameref on input line 27.

(./LRPThesis.out) (./LRPThesis.out)
\@outlinefile=\write3
\openout3 = `LRPThesis.out'.


*geometry* driver: auto-detecting
*geometry* detected driver: pdftex
*geometry* verbose mode - [ preamble ] result:
* driver: pdftex
* paper: a4paper
* layout: <same size as paper>
* layoutoffset:(h,v)=(0.0pt,0.0pt)
* modes: 
* h-part:(L,W,R)=(113.81102pt, 412.56497pt, 71.13188pt)
* v-part:(T,H,B)=(56.9055pt, 674.33032pt, 113.81102pt)
* \paperwidth=597.50787pt
* \paperheight=845.04684pt
* \textwidth=412.56497pt
* \textheight=674.33032pt
* \oddsidemargin=41.54103pt
* \evensidemargin=41.54103pt
* \topmargin=-47.23828pt
* \headheight=12.0pt
* \headsep=19.8738pt
* \topskip=12.0pt
* \footskip=30.0pt
* \marginparwidth=38.0pt
* \marginparsep=7.0pt
* \columnsep=10.0pt
* \skip\footins=10.8pt plus 4.0pt minus 2.0pt
* \hoffset=0.0pt
* \voffset=0.0pt
* \mag=1000
* \@twocolumnfalse
* \@twosidefalse
* \@mparswitchfalse
* \@reversemarginfalse
* (1in=72.27pt=25.4mm, 1cm=28.453pt)

\c@lstlisting=\count145
<thesis-frontmatter/crest.pdf, id=172, 614.295pt x 794.97pt>
File: thesis-frontmatter/crest.pdf Graphic file (type pdf)

<use thesis-frontmatter/crest.pdf>
Package pdftex.def Info: thesis-frontmatter/crest.pdf used on input line 33.
(pdftex.def)             Requested size: 206.28249pt x 266.95041pt.
 [1


{/var/lib/texmf/fonts/map/pdftex/updmap/pdftex.map} <./thesis-frontmatter/crest
.pdf>] (./thesis-frontmatter/abstract.tex
[1


]) [2]

Package natbib Warning: Citation `Conway2000' on page iii undefined on input li
ne 41.

(./thesis-frontmatter/acknowledgements.tex [3

]) [4

] (./LRPThesis.toc [5


]
[6])
\tf@toc=\write4
\openout4 = `LRPThesis.toc'.

 [7] (./LRPThesis.lof

Package natbib Warning: Citation `Ekstrom12' on page viii undefined on input li
ne 5.

[8


]
Overfull \hbox (23.67444pt too wide) in paragraph at lines 17--17
 \OT1/cmr/m/n/12 1.197305, SiI$\OML/cmm/m/it/12 ^^U^^U$\OT1/cmr/m/n/12 1.198419
, 1.199157, 1.203151, 1.210353, TiI$\OML/cmm/m/it/12 ^^U^^U$\OT1/cmr/m/n/12 1.1
89289, 
 []

[9]
Overfull \hbox (3.00272pt too wide) detected at line 21
\OT1/cmr/m/n/12 (4.10) 
 []


Overfull \hbox (3.00272pt too wide) detected at line 22
\OT1/cmr/m/n/12 (4.11) 
 []


Package natbib Warning: Citation `Davies-prep' on page x undefined on input lin
e 22.


Overfull \hbox (3.00272pt too wide) detected at line 23
\OT1/cmr/m/n/12 (4.12) 
 []

)
\tf@lof=\write5
\openout5 = `LRPThesis.lof'.

 [10] (./LRPThesis.lot)
\tf@lot=\write6
\openout6 = `LRPThesis.lot'.

 [11


]
\openout2 = `intro/intro.aux'.

 (./intro/intro.tex
Chapter 1.

Package natbib Warning: Citation `Davies10' on page 1 undefined on input line 1
7.

pdfTeX warning (ext4): destination with the same identifier (name{page.1}) has 
been already used, duplicate ignored
<to be read again> 
                   \relax 
l.24 
      [1



]

Package natbib Warning: Citation `Davies10' on page 2 undefined on input line 2
8.

[2]

Package natbib Warning: Citation `b:GrayCorbally' on page 3 undefined on input 
line 64.


Package natbib Warning: Citation `b:GrayCorbally' on page 3 undefined on input 
line 65.


Package natbib Warning: Citation `b:GrayCorbally' on page 3 undefined on input 
line 66.


LaTeX Warning: Reference `formation' on page 3 undefined on input line 89.


LaTeX Warning: Reference `stellar evolution' on page 3 undefined on input line 
90.


LaTeX Warning: Reference `fate' on page 3 undefined on input line 91.

[3] [4] [5]

Package natbib Warning: Citation `b:KippenhahnWeigert' on page 6 undefined on i
nput line 158.


Package caption Warning: \label without proper \caption on input line 172.
See the caption package documentation for explanation.


LaTeX Warning: Reference `HRD' on page 6 undefined on input line 160.

! Undefined control sequence.
l.169   \epsfxsize
                  =100mm         % Horizontal size YOU want
The control sequence at the end of the top line
of your error message was never \def'ed. If you have
misspelled it (e.g., `\hobx'), type `I' and the correct
spelling (e.g., `I\hbox'). Otherwise just continue,
and I'll forget about whatever was undefined.

! Undefined control sequence.
l.170   \epsffile
                 {hrd_ekstrom.eps}
The control sequence at the end of the top line
of your error message was never \def'ed. If you have
misspelled it (e.g., `\hobx'), type `I' and the correct
spelling (e.g., `I\hbox'). Otherwise just continue,
and I'll forget about whatever was undefined.

! Missing $ inserted.
<inserted text> 
                $
l.170   \epsffile{hrd_
                      ekstrom.eps}
I've inserted a begin-math/end-math symbol since I think
you left one out. Proceed, with fingers crossed.

! Extra }, or forgotten $.
l.170   \epsffile{hrd_ekstrom.eps}
                                  
I've deleted a group-closing symbol because it seems to be
spurious, as in `$x}$'. But perhaps the } is legitimate and
you forgot something else, as in `\hbox{$x}'. In such cases
the way to recover is to insert both the forgotten and the
deleted material, e.g., by typing `I$}'.

! Missing $ inserted.
<inserted text> 
                $
l.171 ...dot}$$<$120 taken from~\cite{Ekstrom12}.}
                                                  
I've inserted a begin-math/end-math symbol since I think
you left one out. Proceed, with fingers crossed.

! Missing } inserted.
<inserted text> 
                }
l.171 ...dot}$$<$120 taken from~\cite{Ekstrom12}.}
                                                  
I've inserted something that you may have forgotten.
(See the <inserted text> above.)
With luck, this will get me unwedged. But if you
really didn't forget anything, try typing `2' now; then
my insertion and my current dilemma will both disappear.


Package natbib Warning: Citation `Ekstrom12' on page 6 undefined on input line 
171.


Package natbib Warning: Citation `Ekstrom12' on page 6 undefined on input line 
171.


Package natbib Warning: Citation `b:KippenhahnWeigert' on page 6 undefined on i
nput line 178.

[6]

Package natbib Warning: Citation `b:KippenhahnWeigert' on page 7 undefined on i
nput line 187.


Package natbib Warning: Citation `b:Bohm-vitense92.v3' on page 7 undefined on i
nput line 195.


Package natbib Warning: Citation `b:KippenhahnWeigert' on page 7 undefined on i
nput line 207.


Package natbib Warning: Citation `b:SalarisCassisi05' on page 7 undefined on in
put line 210.

[7]

Package caption Warning: \label without proper \caption on input line 172.
See the caption package documentation for explanation.


LaTeX Warning: Reference `HRD' on page 8 undefined on input line 218.


Package natbib Warning: Citation `b:KippenhahnWeigert' on page 8 undefined on i
nput line 219.


Package natbib Warning: Citation `Ekstrom12' on page 8 undefined on input line 
223.


Package natbib Warning: Citation `Ekstrom12' on page 8 undefined on input line 
225.


Package caption Warning: \label without proper \caption on input line 172.
See the caption package documentation for explanation.


LaTeX Warning: Reference `HRD' on page 8 undefined on input line 227.

[8]

Package natbib Warning: Citation `b:SalarisCassisi05' on page 9 undefined on in
put line 229.


Package natbib Warning: Citation `Ekstrom12' on page 9 undefined on input line 
233.


Package natbib Warning: Citation `b:KippenhahnWeigert' on page 9 undefined on i
nput line 249.

[9] [10]
! Undefined control sequence.
l.355   \epsfxsize
                  =150mm         % Horizontal size YOU want
The control sequence at the end of the top line
of your error message was never \def'ed. If you have
misspelled it (e.g., `\hobx'), type `I' and the correct
spelling (e.g., `I\hbox'). Otherwise just continue,
and I'll forget about whatever was undefined.

! Undefined control sequence.
l.356   \epsffile
                 {Smartt09fig12.eps}
The control sequence at the end of the top line
of your error message was never \def'ed. If you have
misspelled it (e.g., `\hobx'), type `I' and the correct
spelling (e.g., `I\hbox'). Otherwise just continue,
and I'll forget about whatever was undefined.


Underfull \hbox (badness 4556) in paragraph at lines 357--357
\OT1/cmr/m/it/10.95 BSG, blue su-per-giant; LBV, lu-mi-nous blue vari-able; WR,

 []


Package hyperref Warning: Token not allowed in a PDF string (PDFDocEncoding):
(hyperref)                removing `math shift' on input line 368.


Package hyperref Warning: Token not allowed in a PDF string (PDFDocEncoding):
(hyperref)                removing `math shift' on input line 368.


Package natbib Warning: Citation `Massey07' on page 11 undefined on input line 
378.


LaTeX Warning: Reference `evolution' on page 11 undefined on input line 381.

[11] [12]
Overfull \hbox (46.1745pt too wide) in paragraph at lines 389--393
[]\OT1/cmr/m/n/12 Observations of Galac-tic RSGs re-veal that they have large m
ass-loss rates (10$[]$M$[]$yr$[]$;
 []


Overfull \hbox (12.58063pt too wide) in paragraph at lines 389--393
[]\OT1/cmr/m/n/12 Danchi et al[][], []1994[]; []Richards[], []2013[]) and ex-te
nded cir-cum-stel-lar en-vi-ron-ments ([]Smith
 []


Package natbib Warning: Citation `Davies10' on page 13 undefined on input line 
398.


Package natbib Warning: Citation `Davies13a' on page 13 undefined on input line
 398.


Package natbib Warning: Citation `Levesque12' on page 13 undefined on input lin
e 406.


Package natbib Warning: Citation `Davies10' on page 13 undefined on input line 
411.

[13]

Package natbib Warning: Citation `Gustafsson08' on page 14 undefined on input l
ine 416.


Package natbib Warning: Citation `Davies13a' on page 14 undefined on input line
 417.


Package natbib Warning: Citation `Davies13a' on page 14 undefined on input line
 420.


Package caption Warning: \label without proper \caption on input line 474.
See the caption package documentation for explanation.


LaTeX Warning: Reference `CMD' on page 14 undefined on input line 466.

! Undefined control sequence.
l.469   \epsfxsize
                  =150mm         % Horizontal size YOU want
The control sequence at the end of the top line
of your error message was never \def'ed. If you have
misspelled it (e.g., `\hobx'), type `I' and the correct
spelling (e.g., `I\hbox'). Otherwise just continue,
and I'll forget about whatever was undefined.

! Undefined control sequence.
l.470   \epsffile
                 {bvcmd_all_example.eps}
The control sequence at the end of the top line
of your error message was never \def'ed. If you have
misspelled it (e.g., `\hobx'), type `I' and the correct
spelling (e.g., `I\hbox'). Otherwise just continue,
and I'll forget about whatever was undefined.

! Missing $ inserted.
<inserted text> 
                $
l.470   \epsffile{bvcmd_
                        all_example.eps}
I've inserted a begin-math/end-math symbol since I think
you left one out. Proceed, with fingers crossed.

! Extra }, or forgotten $.
l.470   \epsffile{bvcmd_all_example.eps}
                                        
I've deleted a group-closing symbol because it seems to be
spurious, as in `$x}$'. But perhaps the } is legitimate and
you forgot something else, as in `\hbox{$x}'. In such cases
the way to recover is to insert both the forgotten and the
deleted material, e.g., by typing `I$}'.

! Missing $ inserted.
<inserted text> 
                $
l.473 ...s attributed to foreground contaminants.}
                                                  
I've inserted a begin-math/end-math symbol since I think
you left one out. Proceed, with fingers crossed.

! Missing } inserted.
<inserted text> 
                }
l.473 ...s attributed to foreground contaminants.}
                                                  
I've inserted something that you may have forgotten.
(See the <inserted text> above.)
With luck, this will get me unwedged. But if you
really didn't forget anything, try typing `2' now; then
my insertion and my current dilemma will both disappear.


Underfull \hbox (badness 1789) in paragraph at lines 473--473
\OT1/cmr/m/it/10.95 of NGC 6822) is plot-ted against B$\OMS/cmsy/m/n/10.95 ^^@$
\OT1/cmr/m/it/10.95 V colour. This fig-ure
 []

[14]
! Undefined control sequence.
l.480   \epsfxsize
                  =150mm         % Horizontal size YOU want
The control sequence at the end of the top line
of your error message was never \def'ed. If you have
misspelled it (e.g., `\hobx'), type `I' and the correct
spelling (e.g., `I\hbox'). Otherwise just continue,
and I'll forget about whatever was undefined.

! Undefined control sequence.
l.481   \epsffile
                 {bvrccd_example.eps}
The control sequence at the end of the top line
of your error message was never \def'ed. If you have
misspelled it (e.g., `\hobx'), type `I' and the correct
spelling (e.g., `I\hbox'). Otherwise just continue,
and I'll forget about whatever was undefined.

! Missing $ inserted.
<inserted text> 
                $
l.481   \epsffile{bvrccd_
                         example.eps}
I've inserted a begin-math/end-math symbol since I think
you left one out. Proceed, with fingers crossed.

! Extra }, or forgotten $.
l.481   \epsffile{bvrccd_example.eps}
                                     
I've deleted a group-closing symbol because it seems to be
spurious, as in `$x}$'. But perhaps the } is legitimate and
you forgot something else, as in `\hbox{$x}'. In such cases
the way to recover is to insert both the forgotten and the
deleted material, e.g., by typing `I$}'.

! Missing $ inserted.
<inserted text> 
                $
l.482 ...r B$-$V colours contain the RSG objects.}
                                                  
I've inserted a begin-math/end-math symbol since I think
you left one out. Proceed, with fingers crossed.

! Missing } inserted.
<inserted text> 
                }
l.482 ...r B$-$V colours contain the RSG objects.}
                                                  
I've inserted something that you may have forgotten.
(See the <inserted text> above.)
With luck, this will get me unwedged. But if you
really didn't forget anything, try typing `2' now; then
my insertion and my current dilemma will both disappear.


Package caption Warning: \label without proper \caption on input line 483.
See the caption package documentation for explanation.


LaTeX Warning: Reference `CCD' on page 15 undefined on input line 491.


Overfull \hbox (13.69322pt too wide) in paragraph at lines 487--492
[]\OT1/cmr/m/n/12 To break the de-gen-er-acy be-tween lu-mi-nos-ity and dis-tan
ce, one can use colour$\OMS/cmsy/m/n/12 ^^@$\OT1/cmr/m/n/12 colour
 []

[15]

Package natbib Warning: Citation `Nikolaev00' on page 16 undefined on input lin
e 501.


Package natbib Warning: Citation `Cioni06' on page 16 undefined on input line 5
01.


Package natbib Warning: Citation `Cioni06' on page 16 undefined on input line 5
01.

[16]

Package natbib Warning: Citation `Charlot01' on page 17 undefined on input line
 537.

[17]) [18]
\openout2 = `JAnal/janalsum.aux'.

 (./JAnal/janalsum.tex
Chapter 2.
) [19



]
\openout2 = `ngc2100/ngc2100.aux'.

 (./ngc2100/ngc2100.tex
Chapter 3.

Package hyperref Warning: Token not allowed in a PDF string (PDFDocEncoding):
(hyperref)                \kern 1.95872pt
(hyperref)                removed on input line 1.

) [20



]
\openout2 = `ngc6822/ngc6822.aux'.

 (./ngc6822/ngc6822.tex
Chapter 4.

Package hyperref Warning: Token not allowed in a PDF string (PDFDocEncoding):
(hyperref)                \kern 1.95872pt
(hyperref)                removed on input line 1.


Package natbib Warning: Citation `Davies-prep' on page 21 undefined on input li
ne 39.

[21



]

Package natbib Warning: Citation `Przybilla02' on page 22 undefined on input li
ne 71.

[22]

Package natbib Warning: Citation `1998ApJ...501..153M' on page 23 undefined on 
input line 120.


Package natbib Warning: Citation `2008SPIE.7019E..0TW' on page 23 undefined on 
input line 140.

[23] <ngc6822/N6822_bvr.png, id=980, 578.16pt x 433.62pt>
File: ngc6822/N6822_bvr.png Graphic file (type png)

<use ngc6822/N6822_bvr.png>
Package pdftex.def Info: ngc6822/N6822_bvr.png used on input line 149.
(pdftex.def)             Requested size: 268.1647pt x 201.12173pt.

<ngc6822/N6822_jk.png, id=990, 578.16pt x 433.62pt>
File: ngc6822/N6822_jk.png Graphic file (type png)
 <use ngc6822/N6822_jk.png>
Package pdftex.def Info: ngc6822/N6822_jk.png used on input line 165.
(pdftex.def)             Requested size: 268.1647pt x 201.12173pt.

<ngc6822/N6822_RSGs_paper.png, id=997, 722.7pt x 650.43pt>
File: ngc6822/N6822_RSGs_paper.png Graphic file (type png)

<use ngc6822/N6822_RSGs_paper.png>
Package pdftex.def Info: ngc6822/N6822_RSGs_paper.png used on input line 180.
(pdftex.def)             Requested size: 268.1647pt x 241.35005pt.

! Undefined control sequence.
l.198 2\farcs
             8 $\times$ 2\farcs8 within a 7\farcm2 field-of-view.
The control sequence at the end of the top line
of your error message was never \def'ed. If you have
misspelled it (e.g., `\hobx'), type `I' and the correct
spelling (e.g., `I\hbox'). Otherwise just continue,
and I'll forget about whatever was undefined.

! Undefined control sequence.
l.198 2\farcs8 $\times$ 2\farcs
                               8 within a 7\farcm2 field-of-view.
The control sequence at the end of the top line
of your error message was never \def'ed. If you have
misspelled it (e.g., `\hobx'), type `I' and the correct
spelling (e.g., `I\hbox'). Otherwise just continue,
and I'll forget about whatever was undefined.

! Undefined control sequence.
l.198 2\farcs8 $\times$ 2\farcs8 within a 7\farcm
                                                 2 field-of-view.
The control sequence at the end of the top line
of your error message was never \def'ed. If you have
misspelled it (e.g., `\hobx'), type `I' and the correct
spelling (e.g., `I\hbox'). Otherwise just continue,
and I'll forget about whatever was undefined.

! Undefined control sequence.
l.202 (0\farcm
              5 to the east) were interleaved between the science observatio...
The control sequence at the end of the top line
of your error message was never \def'ed. If you have
misspelled it (e.g., `\hobx'), type `I' and the correct
spelling (e.g., `I\hbox'). Otherwise just continue,
and I'll forget about whatever was undefined.

[24 <./ngc6822/N6822_bvr.png>] [25 <./ngc6822/N6822_jk.png> <./ngc6822/N6822_RS
Gs_paper.png>]
! Undefined control sequence.
<recently read> \gtrsim 
                        
l.215 A signal-to-noise (S/N) ratio of $\gtrsim
                                               $ 100 per resolution element ...
The control sequence at the end of the top line
of your error message was never \def'ed. If you have
misspelled it (e.g., `\hobx'), type `I' and the correct
spelling (e.g., `I\hbox'). Otherwise just continue,
and I'll forget about whatever was undefined.


Overfull \hbox (145.02763pt too wide) in paragraph at lines 253--278
 [] 
 []

! Undefined control sequence.
l.279 \tablecomments
                    {Optical data from
The control sequence at the end of the top line
of your error message was never \def'ed. If you have
misspelled it (e.g., `\hobx'), type `I' and the correct
spelling (e.g., `I\hbox'). Otherwise just continue,
and I'll forget about whatever was undefined.

[26]

Package natbib Warning: Citation `Davies-prep' on page 27 undefined on input li
ne 331.

[27] <ngc6822/N6822_RSG17-snapshot.png, id=1049, 787.94376pt x 786.94pt>
File: ngc6822/N6822_RSG17-snapshot.png Graphic file (type png)

<use ngc6822/N6822_RSG17-snapshot.png>
Package pdftex.def Info: ngc6822/N6822_RSG17-snapshot.png used on input line 36
1.
(pdftex.def)             Requested size: 226.91199pt x 226.62173pt.
 [28] [29 <./ngc6822/N6822_RSG17-snapshot.png>] <ngc6822/N6822_t_compare.png, i
d=1066, 578.16pt x 621.522pt>
File: ngc6822/N6822_t_compare.png Graphic file (type png)

<use ngc6822/N6822_t_compare.png>
Package pdftex.def Info: ngc6822/N6822_t_compare.png used on input line 426.
(pdftex.def)             Requested size: 341.43306pt x 367.03622pt.
 [30] [31 <./ngc6822/N6822_t_compare.png>]
<ngc6822/N6822_mod_fit.pdf, id=1080, 722.7pt x 1011.78pt>
File: ngc6822/N6822_mod_fit.pdf Graphic file (type pdf)

<use ngc6822/N6822_mod_fit.pdf>
Package pdftex.def Info: ngc6822/N6822_mod_fit.pdf used on input line 488.
(pdftex.def)             Requested size: 455.24408pt x 637.34758pt.

Overfull \hbox (42.67911pt too wide) in paragraph at lines 488--502
 [] 
 []


Underfull \hbox (badness 2600) in paragraph at lines 502--502
[][]|\OT1/cmr/m/it/10.95 KMOS spec-tra of the NGC6822 RSGs and their as-so-ci-a
ted
 []


Underfull \hbox (badness 2237) in paragraph at lines 502--502
\OT1/cmr/m/it/10.95 lines used for the anal-y-sis from left-to-right by species
 are:
 []


Underfull \hbox (badness 1057) in paragraph at lines 502--502
\OT1/cmr/m/it/10.95 FeI$\OML/cmm/m/it/10.95 ^^U^^U$\OT1/cmr/m/it/10.95 1.188285
, 1.197305, SiI$\OML/cmm/m/it/10.95 ^^U^^U$\OT1/cmr/m/it/10.95 1.198419, 1.1991
57, 1.203151,
 []


LaTeX Warning: Float too large for page by 68.61728pt on input line 505.

[32] [33 <./ngc6822/N6822_mod_fit.pdf>] [34]
Underfull \hbox (badness 2744) in paragraph at lines 574--574
[][]\OT1/cmr/m/n/10 Retrieved from http://www.eso.org/sci/facilities/paranal/ d
e-com-mis-sioned/isaac/-tool-
 []

<ngc6822/N6822_RvsRV.png, id=1158, 578.16pt x 433.62pt>
File: ngc6822/N6822_RvsRV.png Graphic file (type png)

<use ngc6822/N6822_RvsRV.png>
Package pdftex.def Info: ngc6822/N6822_RvsRV.png used on input line 595.
(pdftex.def)             Requested size: 268.1647pt x 201.12173pt.
 [35]

Package natbib Warning: Citation `Davies-prep' on page 36 undefined on input li
ne 619.

[36 <./ngc6822/N6822_RvsRV.png>]
<ngc6822/N6822_24vs3AT_Z.png, id=1195, 578.16pt x 433.62pt>
File: ngc6822/N6822_24vs3AT_Z.png Graphic file (type png)

<use ngc6822/N6822_24vs3AT_Z.png>
Package pdftex.def Info: ngc6822/N6822_24vs3AT_Z.png used on input line 672.
(pdftex.def)             Requested size: 268.1647pt x 201.12173pt.

<ngc6822/N6822_24vs3AT_Teff.png, id=1196, 578.16pt x 433.62pt>
File: ngc6822/N6822_24vs3AT_Teff.png Graphic file (type png)

<use ngc6822/N6822_24vs3AT_Teff.png>
Package pdftex.def Info: ngc6822/N6822_24vs3AT_Teff.png used on input line 673.

(pdftex.def)             Requested size: 268.1647pt x 201.12173pt.

<ngc6822/N6822_24vs3AT_logg.png, id=1197, 578.16pt x 433.62pt>
File: ngc6822/N6822_24vs3AT_logg.png Graphic file (type png)

<use ngc6822/N6822_24vs3AT_logg.png>
Package pdftex.def Info: ngc6822/N6822_24vs3AT_logg.png used on input line 674.

(pdftex.def)             Requested size: 268.1647pt x 201.12173pt.

<ngc6822/N6822_24vs3AT_Xi.png, id=1198, 578.16pt x 433.62pt>
File: ngc6822/N6822_24vs3AT_Xi.png Graphic file (type png)

<use ngc6822/N6822_24vs3AT_Xi.png>
Package pdftex.def Info: ngc6822/N6822_24vs3AT_Xi.png used on input line 675.
(pdftex.def)             Requested size: 268.1647pt x 201.12173pt.

Overfull \hbox (143.76443pt too wide) in paragraph at lines 669--677
 []$ 
 []


Overfull \hbox (145.44899pt too wide) in paragraph at lines 704--735
 [] 
 []

[37] [38 <./ngc6822/N6822_24vs3AT_Z.png> <./ngc6822/N6822_24vs3AT_Teff.png> <./
ngc6822/N6822_24vs3AT_logg.png> <./ngc6822/N6822_24vs3AT_Xi.png>]
<ngc6822/N6822_ZvsR_BSG.png, id=1227, 578.16pt x 433.62pt>
File: ngc6822/N6822_ZvsR_BSG.png Graphic file (type png)

<use ngc6822/N6822_ZvsR_BSG.png>
Package pdftex.def Info: ngc6822/N6822_ZvsR_BSG.png used on input line 779.
(pdftex.def)             Requested size: 268.1647pt x 201.12173pt.

! Undefined control sequence.
<argument> ...or comparison, R$_{25} = 460\arcsec 
                                                  $ \citep [$=1.03$\,kpc;][]...
l.792         }
               
The control sequence at the end of the top line
of your error message was never \def'ed. If you have
misspelled it (e.g., `\hobx'), type `I' and the correct
spelling (e.g., `I\hbox'). Otherwise just continue,
and I'll forget about whatever was undefined.

! Undefined control sequence.
<argument> ...or comparison, R$_{25} = 460\arcsec 
                                                  $ \citep [$=1.03$\,kpc;][]...
l.792         }
               
The control sequence at the end of the top line
of your error message was never \def'ed. If you have
misspelled it (e.g., `\hobx'), type `I' and the correct
spelling (e.g., `I\hbox'). Otherwise just continue,
and I'll forget about whatever was undefined.

! Undefined control sequence.
<argument> ...or comparison, R$_{25} = 460\arcsec 
                                                  $ \citep [$=1.03$\,kpc;][]...
l.792         }
               
The control sequence at the end of the top line
of your error message was never \def'ed. If you have
misspelled it (e.g., `\hobx'), type `I' and the correct
spelling (e.g., `I\hbox'). Otherwise just continue,
and I'll forget about whatever was undefined.

<ngc6822/N6822_HRD.png, id=1246, 578.16pt x 433.62pt>
File: ngc6822/N6822_HRD.png Graphic file (type png)

<use ngc6822/N6822_HRD.png>
Package pdftex.def Info: ngc6822/N6822_HRD.png used on input line 807.
(pdftex.def)             Requested size: 268.1647pt x 201.12173pt.


Package natbib Warning: Citation `Przybilla02' on page 39 undefined on input li
ne 835.

[39] [40 <./ngc6822/N6822_ZvsR_BSG.png> <./ngc6822/N6822_HRD.png>] [41]

Package amsmath Warning: Foreign command \over;
(amsmath)                \frac or \genfrac should be used instead
(amsmath)                 on input line 892.

[42]

Package natbib Warning: Citation `Davies-prep' on page 43 undefined on input li
ne 937.

<ngc6822/N6822_TeffvsZ_all.png, id=1346, 578.16pt x 433.62pt>
File: ngc6822/N6822_TeffvsZ_all.png Graphic file (type png)

<use ngc6822/N6822_TeffvsZ_all.png>
Package pdftex.def Info: ngc6822/N6822_TeffvsZ_all.png used on input line 949.
(pdftex.def)             Requested size: 268.1647pt x 201.12173pt.


Package natbib Warning: Citation `Davies-prep' on page 43 undefined on input li
ne 958.


Package natbib Warning: Citation `Davies-prep' on page 43 undefined on input li
ne 958.

<ngc6822/N6822_HRD_all.png, id=1353, 578.16pt x 433.62pt>
File: ngc6822/N6822_HRD_all.png Graphic file (type png)

<use ngc6822/N6822_HRD_all.png>
Package pdftex.def Info: ngc6822/N6822_HRD_all.png used on input line 963.
(pdftex.def)             Requested size: 268.1647pt x 201.12173pt.
 [43] [44 <./ngc6822/N6822_TeffvsZ_all.png> <./ngc6822/N6822_HRD_all.png>] [45]
) [46]
\openout2 = `ngc55/ngc55.aux'.

 (./ngc55/ngc55.tex
Chapter 5.

Package hyperref Warning: Token not allowed in a PDF string (PDFDocEncoding):
(hyperref)                \kern 1.95872pt
(hyperref)                removed on input line 1.

) [47



]
\openout2 = `mzr/mzr.aux'.

 (./mzr/mzr.tex
Chapter 6.
) [48



]
\openout2 = `appendix1/appendix1.aux'.

 (./appendix1/appendix1.tex
Appendix A.
[49



]) [50] (./LRPThesis.bbl [51



]
! Incomplete \iffalse; all text was ignored after line 190.
<inserted text> 
                \fi 
l.190 ...rdlund}, \& {Plez}}]{2008A&A...486..951G}
                                                  
A forbidden control sequence occurred in skipped text.
This kind of error happens when you say `\if...' and forget
the matching `\fi'. I've inserted a `\fi'; this might work.

! Incomplete \iffalse; all text was ignored after line 190.
<inserted text> 
                \fi 
l.190 ...rdlund}, \& {Plez}}]{2008A&A...486..951G}
                                                  
A forbidden control sequence occurred in skipped text.
This kind of error happens when you say `\if...' and forget
the matching `\fi'. I've inserted a `\fi'; this might work.

Runaway text?
\bibcite{2008A&A...486..951G}{{42}{2008}{{{Gustafsson} {et~al}\unhbox \ETC.
! Forbidden control sequence found while scanning text of \write.
<inserted text> 
                }
l.190 ...rdlund}, \& {Plez}}]{2008A&A...486..951G}
                                                  
I suspect you have forgotten a `}', causing me
to read past where you wanted me to stop.
I'll try to recover; but if the error is serious,
you'd better type `E' or `X' now and fix your file.

Runaway text?
\bibcite{2008A&A...486..951G}{{42}{2008}{{{Gustafsson} {et~al}\unhbox \ETC.
! Forbidden control sequence found while scanning text of \write.
<inserted text> 
                }
l.190 ...rdlund}, \& {Plez}}]{2008A&A...486..951G}
                                                  
I suspect you have forgotten a `}', causing me
to read past where you wanted me to stop.
I'll try to recover; but if the error is serious,
you'd better type `E' or `X' now and fix your file.

Runaway text?
\bibcite{2008A&A...486..951G}{{42}{2008}{{{Gustafsson} {et~al}\unhbox \ETC.
! Forbidden control sequence found while scanning text of \write.
<inserted text> 
                }
l.190 ...rdlund}, \& {Plez}}]{2008A&A...486..951G}
                                                  
I suspect you have forgotten a `}', causing me
to read past where you wanted me to stop.
I'll try to recover; but if the error is serious,
you'd better type `E' or `X' now and fix your file.

Runaway text?
\bibcite{2008A&A...486..951G}{{42}{2008}{{{Gustafsson} {et~al}\unhbox \ETC.
! Forbidden control sequence found while scanning text of \write.
<inserted text> 
                }
l.190 ...rdlund}, \& {Plez}}]{2008A&A...486..951G}
                                                  
I suspect you have forgotten a `}', causing me
to read past where you wanted me to stop.
I'll try to recover; but if the error is serious,
you'd better type `E' or `X' now and fix your file.

Runaway text?
\bibcite{2008A&A...486..951G}{{42}{2008}{{{Gustafsson} {et~al}\unhbox \ETC.
! Forbidden control sequence found while scanning text of \write.
<inserted text> 
                }
l.190 ...rdlund}, \& {Plez}}]{2008A&A...486..951G}
                                                  
I suspect you have forgotten a `}', causing me
to read past where you wanted me to stop.
I'll try to recover; but if the error is serious,
you'd better type `E' or `X' now and fix your file.

Runaway text?
\bibcite{2008A&A...486..951G}{{42}{2008}{{{Gustafsson} {et~al}\unhbox \ETC.
! Forbidden control sequence found while scanning text of \write.
<inserted text> 
                }
l.190 ...rdlund}, \& {Plez}}]{2008A&A...486..951G}
                                                  
I suspect you have forgotten a `}', causing me
to read past where you wanted me to stop.
I'll try to recover; but if the error is serious,
you'd better type `E' or `X' now and fix your file.

[52]
! Missing $ inserted.
<inserted text> 
                $
l.209 ...HD Stars. Volume 4, Declinations -26{\deg
                                                  }.0 to
I've inserted a begin-math/end-math symbol since I think
you left one out. Proceed, with fingers crossed.

! Extra }, or forgotten $.
<recently read> }
                 
l.209 ...D Stars. Volume 4, Declinations -26{\deg}
                                                  .0 to
I've deleted a group-closing symbol because it seems to be
spurious, as in `$x}$'. But perhaps the } is legitimate and
you forgot something else, as in `\hbox{$x}'. In such cases
the way to recover is to insert both the forgotten and the
deleted material, e.g., by typing `I$}'.

! Extra }, or forgotten $.
l.210   -12{\deg}.0.}
                     
I've deleted a group-closing symbol because it seems to be
spurious, as in `$x}$'. But perhaps the } is legitimate and
you forgot something else, as in `\hbox{$x}'. In such cases
the way to recover is to insert both the forgotten and the
deleted material, e.g., by typing `I$}'.

! Missing $ inserted.
<inserted text> 
                $
l.211 
      
I've inserted a begin-math/end-math symbol since I think
you left one out. Proceed, with fingers crossed.

! Missing } inserted.
<inserted text> 
                }
l.211 
      
I've inserted something that you may have forgotten.
(See the <inserted text> above.)
With luck, this will get me unwedged. But if you
really didn't forget anything, try typing `2' now; then
my insertion and my current dilemma will both disappear.


Underfull \hbox (badness 1127) in paragraph at lines 275--277
[]\OT1/cmr/m/n/12 Kudritzki R.-P., Ur-baneja M. A., Bresolin F., Przy-billa N.,
 Gieren W.,
 []

[53] [54] [55]
! Missing } inserted.
<inserted text> 
                }
l.504 \end{thebibliography}
                           
I've inserted something that you may have forgotten.
(See the <inserted text> above.)
With luck, this will get me unwedged. But if you
really didn't forget anything, try typing `2' now; then
my insertion and my current dilemma will both disappear.

)

Package natbib Warning: There were undefined citations.

Package atveryend Info: Empty hook `BeforeClearDocument' on input line 160.
[56]
Package atveryend Info: Empty hook `AfterLastShipout' on input line 160.
 (./LRPThesis.aux (./intro/intro.aux) (./JAnal/janalsum.aux)
(./ngc2100/ngc2100.aux) (./ngc6822/ngc6822.aux) (./ngc55/ngc55.aux)
(./mzr/mzr.aux) (./appendix1/appendix1.aux))
Package atveryend Info: Executing hook `AtVeryEndDocument' on input line 160.
Package atveryend Info: Executing hook `AtEndAfterFileList' on input line 160.
Package rerunfilecheck Info: File `LRPThesis.out' has not changed.
(rerunfilecheck)             Checksum: EA6E02704E4C55FC3262BF43F0AB7C1F;2782.


LaTeX Warning: There were undefined references.

Package atveryend Info: Empty hook `AtVeryVeryEnd' on input line 160.
 ) 
Here is how much of TeX's memory you used:
 11042 strings out of 495028
 167269 string characters out of 6181497
 289389 words of memory out of 5000000
 13797 multiletter control sequences out of 15000+600000
 13479 words of font info for 48 fonts, out of 8000000 for 9000
 14 hyphenation exceptions out of 8191
 43i,13n,55p,1016b,669s stack positions out of 5000i,500n,10000p,200000b,80000s
pdfTeX warning (dest): name{Hfootnote.4} has been referenced but does not exi
st, replaced by a fixed one

pdfTeX warning (dest): name{Hfootnote.3} has been referenced but does not exist
, replaced by a fixed one

pdfTeX warning (dest): name{Hfootnote.2} has been referenced but does not exist
, replaced by a fixed one

pdfTeX warning (dest): name{Hfootnote.1} has been referenced but does not exist
, replaced by a fixed one

</usr/share/texlive/texmf-dist/fonts/type1/public/amsfonts/cm/cmbx10.pfb></usr/
share/texlive/texmf-dist/fonts/type1/public/amsfonts/cm/cmbx12.pfb></usr/share/
texlive/texmf-dist/fonts/type1/public/amsfonts/cm/cmcsc10.pfb></usr/share/texli
ve/texmf-dist/fonts/type1/public/amsfonts/cm/cmex10.pfb></usr/share/texlive/tex
mf-dist/fonts/type1/public/amsfonts/cm/cmmi10.pfb></usr/share/texlive/texmf-dis
t/fonts/type1/public/amsfonts/cm/cmmi12.pfb></usr/share/texlive/texmf-dist/font
s/type1/public/amsfonts/cm/cmmi6.pfb></usr/share/texlive/texmf-dist/fonts/type1
/public/amsfonts/cm/cmmi8.pfb></usr/share/texlive/texmf-dist/fonts/type1/public
/amsfonts/cm/cmr10.pfb></usr/share/texlive/texmf-dist/fonts/type1/public/amsfon
ts/cm/cmr12.pfb></usr/share/texlive/texmf-dist/fonts/type1/public/amsfonts/cm/c
mr6.pfb></usr/share/texlive/texmf-dist/fonts/type1/public/amsfonts/cm/cmr7.pfb>
</usr/share/texlive/texmf-dist/fonts/type1/public/amsfonts/cm/cmr8.pfb></usr/sh
are/texlive/texmf-dist/fonts/type1/public/amsfonts/cm/cmssbx10.pfb></usr/share/
texlive/texmf-dist/fonts/type1/public/amsfonts/cm/cmsy10.pfb></usr/share/texliv
e/texmf-dist/fonts/type1/public/amsfonts/cm/cmsy6.pfb></usr/share/texlive/texmf
-dist/fonts/type1/public/amsfonts/cm/cmsy7.pfb></usr/share/texlive/texmf-dist/f
onts/type1/public/amsfonts/cm/cmsy8.pfb></usr/share/texlive/texmf-dist/fonts/ty
pe1/public/amsfonts/cm/cmti10.pfb></usr/share/texlive/texmf-dist/fonts/type1/pu
blic/amsfonts/cm/cmti12.pfb>
Output written on LRPThesis.pdf (68 pages, 1599164 bytes).
PDF statistics:
 1587 PDF objects out of 1728 (max. 8388607)
 1335 compressed objects within 14 object streams
 256 named destinations out of 1000 (max. 500000)
 417 words of extra memory for PDF output out of 10000 (max. 10000000)

